<?xml version="1.0" encoding="utf-8"?><testsuites name="pytest tests"><testsuite name="pytest" errors="0" failures="1" skipped="0" tests="50" time="17.134" timestamp="2026-09-03T23:07:48.300968+00:00" hostname="agent-env-724d420a-aeb8-4860-88f2-49cf8fc6daea"><testcase classname="tests.backend_test.TestAuth" name="test_admin_login" time="0.613" /><testcase classname="tests.backend_test.TestAuth" name="test_login_wrong_password" time="0.377" /><testcase classname="tests.test_analysis_engine.TestMoteurAnalyse" name="test_add_url_document_and_list" time="1.007" /><testcase classname="tests.backend_test.TestAuth" name="test_login_unknown_email" time="0.138" /><testcase classname="tests.test_analysis_engine.TestMoteurAnalyse" name="test_upload_png_file" time="0.540" /><testcase classname="tests.backend_test.TestAuth" name="test_me_requires_auth" time="0.240" /><testcase classname="tests.test_analysis_engine.TestMoteurAnalyse" name="test_upload_pdf_file" time="0.392" /><testcase classname="tests.backend_test.TestAuth" name="test_me_with_bearer" time="0.577" /><testcase classname="tests.test_analysis_engine.TestMoteurAnalyse" name="test_documents_require_auth" time="0.195" /><testcase classname="tests.backend_test.TestAuth" name="test_me_invalid_token" time="0.183" /><testcase classname="tests.backend_test.TestAuth" name="test_register_solo_and_pro" time="0.809" /><testcase classname="tests.test_analysis_engine.TestMoteurAnalyse" name="test_documents_unknown_dossier_404" time="0.082" /><testcase classname="tests.test_analysis_engine.TestMoteurAnalyse" name="test_analyze_url_english" time="3.147" /><testcase classname="tests.backend_test.TestAuth" name="test_register_duplicate_email" time="0.541" /><testcase classname="tests.backend_test.TestAuth" name="test_register_invalid_account_type" time="0.159" /><testcase classname="tests.backend_test.TestAuth" name="test_register_short_password" time="0.228" /><testcase classname="tests.backend_test.TestAuth" name="test_bcrypt_hash_format" time="0.087" /><testcase classname="tests.backend_test.TestAuth" name="test_brute_force_lockout" time="0.476"><failure message="AssertionError: no lockout/429 after 6 failures: [401, 401, 401, 401, 401, 401]&#10;assert False&#10; +  where False = any(&lt;generator object TestAuth.test_brute_force_lockout.&lt;locals&gt;.&lt;genexpr&gt; at 0xfa1fd774b2a0&gt;)">E   AssertionError: no lockout/429 after 6 failures: [401, 401, 401, 401, 401, 401]
    assert False
     +  where False = any(&lt;generator object TestAuth.test_brute_force_lockout.&lt;locals&gt;.&lt;genexpr&gt; at 0xfa1fd774b2a0&gt;)</failure></testcase><testcase classname="tests.backend_test.TestAuth" name="test_logout" time="0.574" /><testcase classname="tests.backend_test.TestClientsAndDossiers" name="test_create_client_and_list" time="0.159" /><testcase classname="tests.backend_test.TestClientsAndDossiers" name="test_create_dossier_with_client_and_echeance" time="0.392" /><testcase classname="tests.test_analysis_engine.TestMoteurAnalyse" name="test_analyze_pdf_ocr_text" time="4.895" /><testcase classname="tests.backend_test.TestClientsAndDossiers" name="test_urgence_levels" time="0.233" /><testcase classname="tests.backend_test.TestClientsAndDossiers" name="test_no_attestation_date" time="0.082" /><testcase classname="tests.backend_test.TestClientsAndDossiers" name="test_dashboard_sorting_by_echeance" time="0.116" /><testcase classname="tests.backend_test.TestClientsAndDossiers" name="test_isolation_between_users" time="1.081" /><testcase classname="tests.backend_test.TestClientsAndDossiers" name="test_dossier_404" time="0.075" /><testcase classname="tests.backend_test.TestClientsAndDossiers" name="test_dossier_requires_auth" time="0.429" /><testcase classname="tests.backend_test.TestClientsAndDossiers" name="test_create_dossier_validation" time="0.073" /><testcase classname="tests.backend_test.TestClientsAndDossiers" name="test_patch_dossier_general" time="0.234" /><testcase classname="tests.backend_test.TestModulesPipelineAuditExport" name="test_module1_save_and_persist" time="0.231" /><testcase classname="tests.backend_test.TestModulesPipelineAuditExport" name="test_module2_save_and_persist" time="0.332" /><testcase classname="tests.backend_test.TestModulesPipelineAuditExport" name="test_stage_update_and_exchange" time="0.399" /><testcase classname="tests.backend_test.TestModulesPipelineAuditExport" name="test_stage_unknown_key" time="0.074" /><testcase classname="tests.backend_test.TestModulesPipelineAuditExport" name="test_export_module1_pdf" time="0.085" /><testcase classname="tests.backend_test.TestModulesPipelineAuditExport" name="test_export_module2_pdf" time="0.087" /><testcase classname="tests.backend_test.TestModulesPipelineAuditExport" name="test_audit_trail" time="0.082" /><testcase classname="tests.backend_test.TestCatalogue" name="test_themes" time="0.080" /><testcase classname="tests.backend_test.TestCatalogue" name="test_stages" time="0.077" /><testcase classname="tests.backend_test.TestCatalogue" name="test_catalogue_requires_auth" time="0.159" /><testcase classname="tests.test_analysis_engine.TestMoteurAnalyse" name="test_analyze_image_vision" time="4.749" /><testcase classname="tests.test_analysis_engine.TestMoteurAnalyse" name="test_analyze_unknown_document" time="0.068" /><testcase classname="tests.test_analysis_engine.TestMoteurAnalyse" name="test_plan_aggregates_findings" time="0.086" /><testcase classname="tests.test_analysis_engine.TestMoteurAnalyse" name="test_convert_finding_to_mesure" time="0.297" /><testcase classname="tests.test_analysis_engine.TestMoteurAnalyse" name="test_convert_unknown_finding" time="0.063" /><testcase classname="tests.test_analysis_engine.TestMoteurAnalyse" name="test_draft[1]" time="0.076" /><testcase classname="tests.test_analysis_engine.TestMoteurAnalyse" name="test_draft[2]" time="0.062" /><testcase classname="tests.test_analysis_engine.TestMoteurAnalyse" name="test_pdf_export_reachable" time="0.084" /><testcase classname="tests.test_analysis_engine.TestMoteurAnalyse" name="test_audit_contains_engine_actions" time="0.071" /><testcase classname="tests.test_analysis_engine.TestMoteurAnalyse" name="test_other_user_cannot_access_documents" time="0.767" /></testsuite></testsuites>