<?xml version="1.0" encoding="utf-8"?><testsuites name="pytest tests"><testsuite name="pytest" errors="0" failures="1" skipped="0" tests="69" time="35.093" timestamp="2026-09-03T23:22:09.979423+00:00" hostname="agent-env-724d420a-aeb8-4860-88f2-49cf8fc6daea"><testcase classname="tests.backend_test.TestAuth" name="test_admin_login" time="0.680" /><testcase classname="tests.backend_test.TestAuth" name="test_login_wrong_password" time="0.386" /><testcase classname="tests.test_analysis_engine.TestMoteurAnalyse" name="test_add_url_document_and_list" time="1.060" /><testcase classname="tests.test_analysis_engine.TestMoteurAnalyse" name="test_upload_png_file" time="0.857" /><testcase classname="tests.backend_test.TestAuth" name="test_login_unknown_email" time="0.193" /><testcase classname="tests.backend_test.TestAuth" name="test_me_requires_auth" time="0.154" /><testcase classname="tests.backend_test.TestAuth" name="test_me_with_bearer" time="0.470" /><testcase classname="tests.backend_test.TestAuth" name="test_me_invalid_token" time="0.158" /><testcase classname="tests.test_analysis_engine.TestMoteurAnalyse" name="test_upload_pdf_file" time="0.588" /><testcase classname="tests.backend_test.TestAuth" name="test_register_solo_and_pro" time="0.957" /><testcase classname="tests.test_analysis_engine.TestMoteurAnalyse" name="test_documents_require_auth" time="0.164" /><testcase classname="tests.test_analysis_engine.TestMoteurAnalyse" name="test_documents_unknown_dossier_404" time="0.237" /><testcase classname="tests.test_analysis_engine.TestMoteurAnalyse" name="test_analyze_url_english" time="4.369" /><testcase classname="tests.backend_test.TestAuth" name="test_register_duplicate_email" time="0.770" /><testcase classname="tests.backend_test.TestAuth" name="test_register_invalid_account_type" time="0.141" /><testcase classname="tests.backend_test.TestAuth" name="test_register_short_password" time="0.129" /><testcase classname="tests.backend_test.TestAuth" name="test_bcrypt_hash_format" time="0.074" /><testcase classname="tests.backend_test.TestAuth" name="test_brute_force_lockout" time="0.741" /><testcase classname="tests.backend_test.TestAuth" name="test_logout" time="0.410" /><testcase classname="tests.backend_test.TestClientsAndDossiers" name="test_create_client_and_list" time="0.182" /><testcase classname="tests.backend_test.TestClientsAndDossiers" name="test_create_dossier_with_client_and_echeance" time="0.288" /><testcase classname="tests.backend_test.TestClientsAndDossiers" name="test_urgence_levels" time="0.216" /><testcase classname="tests.backend_test.TestClientsAndDossiers" name="test_no_attestation_date" time="0.070" /><testcase classname="tests.backend_test.TestClientsAndDossiers" name="test_dashboard_sorting_by_echeance" time="0.113" /><testcase classname="tests.backend_test.TestClientsAndDossiers" name="test_isolation_between_users" time="0.884" /><testcase classname="tests.backend_test.TestClientsAndDossiers" name="test_dossier_404" time="0.097" /><testcase classname="tests.backend_test.TestClientsAndDossiers" name="test_dossier_requires_auth" time="0.290" /><testcase classname="tests.test_analysis_engine.TestMoteurAnalyse" name="test_analyze_pdf_ocr_text" time="5.697" /><testcase classname="tests.backend_test.TestClientsAndDossiers" name="test_create_dossier_validation" time="0.074" /><testcase classname="tests.backend_test.TestClientsAndDossiers" name="test_patch_dossier_general" time="0.219" /><testcase classname="tests.backend_test.TestModulesPipelineAuditExport" name="test_module1_save_and_persist" time="0.291" /><testcase classname="tests.backend_test.TestModulesPipelineAuditExport" name="test_module2_save_and_persist" time="0.366" /><testcase classname="tests.backend_test.TestModulesPipelineAuditExport" name="test_stage_update_and_exchange" time="1.023" /><testcase classname="tests.backend_test.TestModulesPipelineAuditExport" name="test_stage_unknown_key" time="0.088" /><testcase classname="tests.backend_test.TestModulesPipelineAuditExport" name="test_export_module1_pdf" time="0.083" /><testcase classname="tests.backend_test.TestModulesPipelineAuditExport" name="test_export_module2_pdf" time="0.087" /><testcase classname="tests.backend_test.TestModulesPipelineAuditExport" name="test_audit_trail" time="0.087" /><testcase classname="tests.test_fixes_iteration4.TestUrlSecurity" name="test_internal_urls_rejected[http://127.0.0.1:8001/api/catalogue/themes]" time="0.683" /><testcase classname="tests.test_fixes_iteration4.TestUrlSecurity" name="test_internal_urls_rejected[http://169.254.169.254/latest/meta-data/]" time="0.194" /><testcase classname="tests.test_fixes_iteration4.TestUrlSecurity" name="test_internal_urls_rejected[http://10.0.0.1/]" time="0.197" /><testcase classname="tests.test_fixes_iteration4.TestUrlSecurity" name="test_internal_urls_rejected[http://192.168.1.1/admin]" time="0.187" /><testcase classname="tests.test_fixes_iteration4.TestUrlSecurity" name="test_internal_urls_rejected[http://localhost:8001/api/auth/me]" time="0.202" /><testcase classname="tests.test_fixes_iteration4.TestUrlSecurity" name="test_scheme_rejected" time="0.672" /><testcase classname="tests.test_fixes_iteration4.TestUrlSecurity" name="test_502_does_not_leak_exception" time="0.407" /><testcase classname="tests.test_fixes_iteration4.TestDeleteAndPlan" name="test_soft_delete_removes_from_list" time="0.258" /><testcase classname="tests.test_fixes_iteration4.TestDeleteAndPlan" name="test_deleted_document_no_longer_addressable" time="0.230"><failure message="AssertionError: document supprimé encore adressable (DELETE → 200)&#10;assert 200 == 404&#10; +  where 200 = &lt;Response [200]&gt;.status_code">E   AssertionError: document supprimé encore adressable (DELETE → 200)
    assert 200 == 404
     +  where 200 = &lt;Response [200]&gt;.status_code</failure></testcase><testcase classname="tests.test_fixes_iteration4.TestDeleteAndPlan" name="test_analysis_prudence_and_stable_echeance" time="5.474" /><testcase classname="tests.test_analysis_engine.TestMoteurAnalyse" name="test_analyze_image_vision" time="4.475" /><testcase classname="tests.test_analysis_engine.TestMoteurAnalyse" name="test_analyze_unknown_document" time="0.078" /><testcase classname="tests.test_analysis_engine.TestMoteurAnalyse" name="test_plan_aggregates_findings" time="0.074" /><testcase classname="tests.test_analysis_engine.TestMoteurAnalyse" name="test_convert_finding_to_mesure" time="0.312" /><testcase classname="tests.test_analysis_engine.TestMoteurAnalyse" name="test_convert_unknown_finding" time="0.073" /><testcase classname="tests.test_analysis_engine.TestMoteurAnalyse" name="test_draft[1]" time="0.072" /><testcase classname="tests.test_analysis_engine.TestMoteurAnalyse" name="test_draft[2]" time="0.077" /><testcase classname="tests.test_analysis_engine.TestMoteurAnalyse" name="test_pdf_export_reachable" time="0.078" /><testcase classname="tests.test_analysis_engine.TestMoteurAnalyse" name="test_audit_contains_engine_actions" time="0.073" /><testcase classname="tests.test_fixes_iteration4.TestDeleteAndPlan" name="test_courriel_draft_both_modules" time="0.123" /><testcase classname="tests.test_analysis_engine.TestMoteurAnalyse" name="test_other_user_cannot_access_documents" time="0.895" /><testcase classname="tests.test_fixes_iteration4.TestDeleteAndPlan" name="test_audit_journal" time="0.062" /><testcase classname="tests.backend_test.TestCatalogue" name="test_themes" time="0.576" /><testcase classname="tests.backend_test.TestCatalogue" name="test_stages" time="0.132" /><testcase classname="tests.backend_test.TestCatalogue" name="test_catalogue_requires_auth" time="0.141" /><testcase classname="tests.test_fixes_iteration4.TestBruteForceLockout" name="test_lockout_after_five_failures" time="0.863" /><testcase classname="tests.test_fixes_iteration4.TestUploadValidation" name="test_reject_txt" time="0.537" /><testcase classname="tests.test_fixes_iteration4.TestUploadValidation" name="test_reject_exe" time="0.119" /><testcase classname="tests.test_fixes_iteration4.TestUploadValidation" name="test_reject_oversize" time="1.642" /><testcase classname="tests.test_fixes_iteration4.TestBruteForceLockout" name="test_successful_login_resets_counter" time="3.215" /><testcase classname="tests.test_fixes_iteration4.TestUploadValidation" name="test_accept_png" time="0.998" /><testcase classname="tests.test_fixes_iteration4.TestNonBlockingIO" name="test_light_request_during_slow_analysis" time="11.004" /></testsuite></testsuites>