<?xml version="1.0" encoding="utf-8"?><testsuites name="pytest tests"><testsuite name="pytest" errors="0" failures="0" skipped="0" tests="17" time="18.186" timestamp="2026-09-03T23:07:23.751946+00:00" hostname="agent-env-724d420a-aeb8-4860-88f2-49cf8fc6daea"><testcase classname="tests.test_analysis_engine.TestMoteurAnalyse" name="test_add_url_document_and_list" time="0.581" /><testcase classname="tests.test_analysis_engine.TestMoteurAnalyse" name="test_upload_png_file" time="0.528" /><testcase classname="tests.test_analysis_engine.TestMoteurAnalyse" name="test_upload_pdf_file" time="0.373" /><testcase classname="tests.test_analysis_engine.TestMoteurAnalyse" name="test_documents_require_auth" time="0.134" /><testcase classname="tests.test_analysis_engine.TestMoteurAnalyse" name="test_documents_unknown_dossier_404" time="0.065" /><testcase classname="tests.test_analysis_engine.TestMoteurAnalyse" name="test_analyze_url_english" time="4.090" /><testcase classname="tests.test_analysis_engine.TestMoteurAnalyse" name="test_analyze_pdf_ocr_text" time="5.252" /><testcase classname="tests.test_analysis_engine.TestMoteurAnalyse" name="test_analyze_image_vision" time="5.304" /><testcase classname="tests.test_analysis_engine.TestMoteurAnalyse" name="test_analyze_unknown_document" time="0.060" /><testcase classname="tests.test_analysis_engine.TestMoteurAnalyse" name="test_plan_aggregates_findings" time="0.061" /><testcase classname="tests.test_analysis_engine.TestMoteurAnalyse" name="test_convert_finding_to_mesure" time="0.229" /><testcase classname="tests.test_analysis_engine.TestMoteurAnalyse" name="test_convert_unknown_finding" time="0.067" /><testcase classname="tests.test_analysis_engine.TestMoteurAnalyse" name="test_draft[1]" time="0.055" /><testcase classname="tests.test_analysis_engine.TestMoteurAnalyse" name="test_draft[2]" time="0.053" /><testcase classname="tests.test_analysis_engine.TestMoteurAnalyse" name="test_pdf_export_reachable" time="0.077" /><testcase classname="tests.test_analysis_engine.TestMoteurAnalyse" name="test_audit_contains_engine_actions" time="0.059" /><testcase classname="tests.test_analysis_engine.TestMoteurAnalyse" name="test_other_user_cannot_access_documents" time="0.542" /></testsuite></testsuites>