<?xml version="1.0" encoding="utf-8"?><testsuites name="pytest tests"><testsuite name="pytest" errors="0" failures="0" skipped="0" tests="9" time="2.567" timestamp="2026-09-18T15:37:00.528798+00:00" hostname="agent-env-724d420a-aeb8-4860-88f2-49cf8fc6daea"><testcase classname="tests.test_segmentation_regime.TestCatalogueRegimes" name="test_regime_a_returns_18_universal_themes" time="0.662" /><testcase classname="tests.test_segmentation_regime.TestProDossierTaille" name="test_pro_create_dossier_moins_25_is_regime_a" time="0.797" /><testcase classname="tests.test_segmentation_regime.TestProDossierTaille" name="test_pro_create_dossier_25_99_is_regime_b" time="0.342" /><testcase classname="tests.test_segmentation_regime.TestCatalogueRegimes" name="test_regime_b_returns_a_and_b_themes" time="0.493" /><testcase classname="tests.test_segmentation_regime.TestProDossierTaille" name="test_pro_create_dossier_100_plus_is_regime_b" time="0.148" /><testcase classname="tests.test_segmentation_regime.TestCatalogueRegimes" name="test_regime_default_is_b" time="0.080" /><testcase classname="tests.test_segmentation_regime.TestSoloRegimeDossier" name="test_solo_moins_25_creates_regime_a_dossier" time="0.106" /><testcase classname="tests.test_segmentation_regime.TestSoloRegimeDossier" name="test_solo_25_99_creates_regime_b_dossier_with_pipeline" time="0.082" /><testcase classname="tests.test_segmentation_regime.TestAmorceRegimeA" name="test_regime_a_amorce_session_has_regime_a_config" time="0.725" /></testsuite></testsuites>