<?xml version="1.0" encoding="utf-8"?><testsuites name="pytest tests"><testsuite name="pytest" errors="0" failures="0" skipped="0" tests="11" time="2.720" timestamp="2026-09-05T03:28:22.853812+00:00" hostname="agent-env-724d420a-aeb8-4860-88f2-49cf8fc6daea"><testcase classname="tests.test_req_lookup.TestReqLookupAuth" name="test_401_without_token" time="0.722" /><testcase classname="tests.test_req_lookup.TestReqLookupAuth" name="test_401_bad_token" time="0.281" /><testcase classname="tests.test_req_lookup.TestReqLookupShape" name="test_full_payload" time="1.067" /><testcase classname="tests.test_req_lookup.TestReqLookupShape" name="test_deterministic_same_neq" time="0.155" /><testcase classname="tests.test_req_lookup.TestReqLookupShape" name="test_different_neq_different_data" time="0.440" /><testcase classname="tests.test_req_lookup.TestReqLookupAuth" name="test_missing_neq_is_422" time="0.547" /><testcase classname="tests.test_req_lookup.TestReqLookupAuth" name="test_empty_neq_is_422" time="0.129" /><testcase classname="tests.test_req_lookup.TestReqLookupShape" name="test_neq_is_trimmed" time="0.147" /><testcase classname="tests.test_req_lookup.TestDossierIntegration" name="test_dossier_with_neq_exists_and_inscription_persists_req_data" time="0.236" /><testcase classname="tests.test_req_lookup.TestReqLookupShape" name="test_non_numeric_neq_still_returns_200" time="0.051" /><testcase classname="tests.test_req_lookup.TestDossierIntegration" name="test_other_user_cannot_read_dossier" time="0.058" /></testsuite></testsuites>