<?xml version="1.0" encoding="utf-8"?><testsuites name="pytest tests"><testsuite name="pytest" errors="0" failures="0" skipped="0" tests="87" time="75.701" timestamp="2026-09-04T08:37:42.253755+00:00" hostname="agent-env-724d420a-aeb8-4860-88f2-49cf8fc6daea"><testcase classname="tests.backend_test.TestAuth" name="test_admin_login" time="0.411" /><testcase classname="tests.backend_test.TestAuth" name="test_login_wrong_password" time="0.510" /><testcase classname="tests.test_analysis_engine.TestMoteurAnalyse" name="test_add_url_document_and_list" time="1.073" /><testcase classname="tests.backend_test.TestAuth" name="test_login_unknown_email" time="0.157" /><testcase classname="tests.test_analysis_engine.TestMoteurAnalyse" name="test_upload_png_file" time="0.755" /><testcase classname="tests.backend_test.TestAuth" name="test_me_requires_auth" time="0.141" /><testcase classname="tests.backend_test.TestAuth" name="test_me_with_bearer" time="0.547" /><testcase classname="tests.backend_test.TestAuth" name="test_me_invalid_token" time="0.110" /><testcase classname="tests.test_analysis_engine.TestMoteurAnalyse" name="test_upload_pdf_file" time="0.555" /><testcase classname="tests.backend_test.TestAuth" name="test_register_solo_and_pro" time="0.786" /><testcase classname="tests.test_analysis_engine.TestMoteurAnalyse" name="test_documents_require_auth" time="0.293" /><testcase classname="tests.backend_test.TestAuth" name="test_register_duplicate_email" time="0.480" /><testcase classname="tests.test_analysis_engine.TestMoteurAnalyse" name="test_documents_unknown_dossier_404" time="0.060" /><testcase classname="tests.test_analysis_engine.TestMoteurAnalyse" name="test_analyze_url_english" time="3.525" /><testcase classname="tests.backend_test.TestAuth" name="test_register_invalid_account_type" time="0.122" /><testcase classname="tests.backend_test.TestAuth" name="test_register_short_password" time="0.165" /><testcase classname="tests.backend_test.TestAuth" name="test_bcrypt_hash_format" time="0.133" /><testcase classname="tests.backend_test.TestAuth" name="test_brute_force_lockout" time="0.479" /><testcase classname="tests.backend_test.TestAuth" name="test_logout" time="0.470" /><testcase classname="tests.backend_test.TestClientsAndDossiers" name="test_create_client_and_list" time="0.182" /><testcase classname="tests.backend_test.TestClientsAndDossiers" name="test_create_dossier_with_client_and_echeance" time="0.410" /><testcase classname="tests.backend_test.TestClientsAndDossiers" name="test_urgence_levels" time="0.329" /><testcase classname="tests.backend_test.TestClientsAndDossiers" name="test_no_attestation_date" time="0.158" /><testcase classname="tests.backend_test.TestClientsAndDossiers" name="test_dashboard_sorting_by_echeance" time="0.141" /><testcase classname="tests.backend_test.TestClientsAndDossiers" name="test_isolation_between_users" time="0.823" /><testcase classname="tests.test_analysis_engine.TestMoteurAnalyse" name="test_analyze_pdf_ocr_text" time="16.088" /><testcase classname="tests.backend_test.TestClientsAndDossiers" name="test_dossier_404" time="0.069" /><testcase classname="tests.backend_test.TestClientsAndDossiers" name="test_dossier_requires_auth" time="0.221" /><testcase classname="tests.backend_test.TestClientsAndDossiers" name="test_create_dossier_validation" time="0.062" /><testcase classname="tests.backend_test.TestClientsAndDossiers" name="test_patch_dossier_general" time="0.324" /><testcase classname="tests.backend_test.TestModulesPipelineAuditExport" name="test_module1_save_and_persist" time="0.298" /><testcase classname="tests.backend_test.TestModulesPipelineAuditExport" name="test_module2_save_and_persist" time="0.449" /><testcase classname="tests.backend_test.TestModulesPipelineAuditExport" name="test_stage_update_and_exchange" time="0.554" /><testcase classname="tests.backend_test.TestModulesPipelineAuditExport" name="test_stage_unknown_key" time="0.069" /><testcase classname="tests.backend_test.TestModulesPipelineAuditExport" name="test_export_module1_pdf" time="0.129" /><testcase classname="tests.backend_test.TestModulesPipelineAuditExport" name="test_export_module2_pdf" time="0.126" /><testcase classname="tests.backend_test.TestModulesPipelineAuditExport" name="test_audit_trail" time="0.131" /><testcase classname="tests.test_fixes_iteration4.TestUrlSecurity" name="test_internal_urls_rejected[http://127.0.0.1:8001/api/catalogue/themes]" time="0.571" /><testcase classname="tests.test_fixes_iteration4.TestUrlSecurity" name="test_internal_urls_rejected[http://169.254.169.254/latest/meta-data/]" time="0.180" /><testcase classname="tests.test_fixes_iteration4.TestUrlSecurity" name="test_internal_urls_rejected[http://10.0.0.1/]" time="0.174" /><testcase classname="tests.test_fixes_iteration4.TestUrlSecurity" name="test_internal_urls_rejected[http://192.168.1.1/admin]" time="0.173" /><testcase classname="tests.test_fixes_iteration4.TestUrlSecurity" name="test_internal_urls_rejected[http://localhost:8001/api/auth/me]" time="0.178" /><testcase classname="tests.test_fixes_iteration4.TestUrlSecurity" name="test_scheme_rejected" time="0.207" /><testcase classname="tests.test_fixes_iteration4.TestUrlSecurity" name="test_502_does_not_leak_exception" time="0.348" /><testcase classname="tests.test_fixes_iteration4.TestDeleteAndPlan" name="test_soft_delete_removes_from_list" time="0.237" /><testcase classname="tests.test_fixes_iteration4.TestDeleteAndPlan" name="test_deleted_document_no_longer_addressable" time="0.177" /><testcase classname="tests.test_fixes_iteration4.TestDeleteAndPlan" name="test_analysis_prudence_and_stable_echeance" time="5.148" /><testcase classname="tests.test_fixes_iteration4.TestDeleteAndPlan" name="test_courriel_draft_both_modules" time="0.120" /><testcase classname="tests.test_fixes_iteration4.TestDeleteAndPlan" name="test_audit_journal" time="0.061" /><testcase classname="tests.test_iteration5.TestCronReminders" name="test_cron_without_auth_401" time="0.131" /><testcase classname="tests.test_iteration5.TestCronReminders" name="test_cron_wrong_secret_401" time="0.125" /><testcase classname="tests.test_iteration5.TestCronReminders" name="test_cron_with_secret_accepted_and_generates" time="4.539" /><testcase classname="tests.test_iteration5.TestCronReminders" name="test_cron_idempotent" time="4.234" /><testcase classname="tests.test_analysis_engine.TestMoteurAnalyse" name="test_analyze_image_vision" time="4.472" /><testcase classname="tests.test_iteration5.TestCronReminders" name="test_notification_type_matches_jours" time="0.057" /><testcase classname="tests.test_fixes_iteration4.TestUploadValidation" name="test_reject_txt" time="0.520" /><testcase classname="tests.test_fixes_iteration4.TestUploadValidation" name="test_reject_exe" time="0.154" /><testcase classname="tests.test_fixes_iteration4.TestUploadValidation" name="test_reject_oversize" time="1.273" /><testcase classname="tests.test_analysis_engine.TestMoteurAnalyse" name="test_analyze_unknown_document" time="0.060" /><testcase classname="tests.test_analysis_engine.TestMoteurAnalyse" name="test_plan_aggregates_findings" time="0.066" /><testcase classname="tests.test_analysis_engine.TestMoteurAnalyse" name="test_convert_finding_to_mesure" time="0.262" /><testcase classname="tests.test_analysis_engine.TestMoteurAnalyse" name="test_convert_unknown_finding" time="0.064" /><testcase classname="tests.test_analysis_engine.TestMoteurAnalyse" name="test_draft[1]" time="0.063" /><testcase classname="tests.test_analysis_engine.TestMoteurAnalyse" name="test_draft[2]" time="0.059" /><testcase classname="tests.test_analysis_engine.TestMoteurAnalyse" name="test_pdf_export_reachable" time="0.068" /><testcase classname="tests.test_analysis_engine.TestMoteurAnalyse" name="test_audit_contains_engine_actions" time="0.063" /><testcase classname="tests.test_analysis_engine.TestMoteurAnalyse" name="test_other_user_cannot_access_documents" time="0.560" /><testcase classname="tests.test_fixes_iteration4.TestUploadValidation" name="test_accept_png" time="0.869" /><testcase classname="tests.test_iteration5.TestVersioning" name="test_login_under_v1" time="0.359" /><testcase classname="tests.test_iteration5.TestNonRegression" name="test_upload_image_and_thumbnail_download" time="6.271" /><testcase classname="tests.test_iteration5.TestVersioning" name="test_me_under_v1" time="0.069" /><testcase classname="tests.test_iteration5.TestVersioning" name="test_old_unversioned_prefix_gone" time="0.072" /><testcase classname="tests.test_iteration5.TestVersioning" name="test_core_endpoints_v1" time="0.401" /><testcase classname="tests.backend_test.TestCatalogue" name="test_themes" time="0.388" /><testcase classname="tests.backend_test.TestCatalogue" name="test_stages" time="0.073" /><testcase classname="tests.backend_test.TestCatalogue" name="test_catalogue_requires_auth" time="0.124" /><testcase classname="tests.test_iteration5.TestNotificationsCRUD" name="test_mark_one_read" time="0.179" /><testcase classname="tests.test_iteration5.TestNotificationsCRUD" name="test_read_all" time="0.145" /><testcase classname="tests.test_iteration5.TestNotificationsCRUD" name="test_notifications_require_auth" time="0.139" /><testcase classname="tests.test_fixes_iteration4.TestBruteForceLockout" name="test_lockout_after_five_failures" time="0.449" /><testcase classname="tests.test_fixes_iteration4.TestBruteForceLockout" name="test_successful_login_resets_counter" time="2.973" /><testcase classname="tests.test_fixes_iteration4.TestNonBlockingIO" name="test_light_request_during_slow_analysis" time="10.892" /><testcase classname="tests.test_iteration5.TestNonRegression" name="test_url_document_keeps_url_kind" time="0.126" /><testcase classname="tests.test_iteration5.TestNonRegression" name="test_plan_and_to_mesure_external_fields" time="0.133" /><testcase classname="tests.test_iteration5.TestNonRegression" name="test_courriel_draft" time="0.065" /><testcase classname="tests.test_image_analysis_flaky" name="test_image_analysis_repeated" time="30.122" /><testcase classname="tests.test_iteration5.TestPassiveFields" name="test_themes_have_external_fields" time="0.068" /></testsuite></testsuites>