<?xml version="1.0" encoding="utf-8"?><testsuites name="pytest tests"><testsuite name="pytest" errors="0" failures="0" skipped="0" tests="17" time="10.451" timestamp="2026-09-04T08:29:32.296822+00:00" hostname="agent-env-724d420a-aeb8-4860-88f2-49cf8fc6daea"><testcase classname="tests.test_iteration5.TestCronReminders" name="test_cron_without_auth_401" time="0.219" /><testcase classname="tests.test_iteration5.TestVersioning" name="test_login_under_v1" time="0.464" /><testcase classname="tests.test_iteration5.TestCronReminders" name="test_cron_wrong_secret_401" time="0.243" /><testcase classname="tests.test_iteration5.TestCronReminders" name="test_cron_with_secret_accepted_and_generates" time="4.675" /><testcase classname="tests.test_iteration5.TestVersioning" name="test_me_under_v1" time="0.683" /><testcase classname="tests.test_iteration5.TestVersioning" name="test_old_unversioned_prefix_gone" time="0.069" /><testcase classname="tests.test_iteration5.TestVersioning" name="test_core_endpoints_v1" time="0.380" /><testcase classname="tests.test_iteration5.TestNonRegression" name="test_upload_image_and_thumbnail_download" time="5.850" /><testcase classname="tests.test_iteration5.TestCronReminders" name="test_cron_idempotent" time="4.274" /><testcase classname="tests.test_iteration5.TestNonRegression" name="test_url_document_keeps_url_kind" time="0.134" /><testcase classname="tests.test_iteration5.TestNonRegression" name="test_plan_and_to_mesure_external_fields" time="0.126" /><testcase classname="tests.test_iteration5.TestNonRegression" name="test_courriel_draft" time="0.071" /><testcase classname="tests.test_iteration5.TestPassiveFields" name="test_themes_have_external_fields" time="0.052" /><testcase classname="tests.test_iteration5.TestCronReminders" name="test_notification_type_matches_jours" time="0.057" /><testcase classname="tests.test_iteration5.TestNotificationsCRUD" name="test_mark_one_read" time="0.182" /><testcase classname="tests.test_iteration5.TestNotificationsCRUD" name="test_read_all" time="0.117" /><testcase classname="tests.test_iteration5.TestNotificationsCRUD" name="test_notifications_require_auth" time="0.116" /></testsuite></testsuites>