<?xml version="1.0" encoding="utf-8"?><testsuites name="pytest tests"><testsuite name="pytest" errors="0" failures="1" skipped="0" tests="33" time="6.550" timestamp="2026-09-03T16:24:22.380157+00:00" hostname="agent-env-724d420a-aeb8-4860-88f2-49cf8fc6daea"><testcase classname="tests.backend_test.TestAuth" name="test_admin_login" time="0.789" /><testcase classname="tests.backend_test.TestClientsAndDossiers" name="test_create_client_and_list" time="0.873" /><testcase classname="tests.backend_test.TestAuth" name="test_login_wrong_password" time="0.411" /><testcase classname="tests.backend_test.TestClientsAndDossiers" name="test_create_dossier_with_client_and_echeance" time="0.585" /><testcase classname="tests.backend_test.TestAuth" name="test_login_unknown_email" time="0.174" /><testcase classname="tests.backend_test.TestAuth" name="test_me_requires_auth" time="0.305" /><testcase classname="tests.backend_test.TestClientsAndDossiers" name="test_urgence_levels" time="0.230" /><testcase classname="tests.backend_test.TestClientsAndDossiers" name="test_no_attestation_date" time="0.095" /><testcase classname="tests.backend_test.TestClientsAndDossiers" name="test_dashboard_sorting_by_echeance" time="0.288" /><testcase classname="tests.backend_test.TestAuth" name="test_me_with_bearer" time="0.461" /><testcase classname="tests.backend_test.TestClientsAndDossiers" name="test_isolation_between_users" time="1.337" /><testcase classname="tests.backend_test.TestAuth" name="test_me_invalid_token" time="0.225" /><testcase classname="tests.backend_test.TestAuth" name="test_register_solo_and_pro" time="0.973" /><testcase classname="tests.backend_test.TestAuth" name="test_register_duplicate_email" time="0.638" /><testcase classname="tests.backend_test.TestClientsAndDossiers" name="test_dossier_404" time="0.072" /><testcase classname="tests.backend_test.TestClientsAndDossiers" name="test_dossier_requires_auth" time="0.448" /><testcase classname="tests.backend_test.TestClientsAndDossiers" name="test_create_dossier_validation" time="0.138" /><testcase classname="tests.backend_test.TestAuth" name="test_register_invalid_account_type" time="0.223" /><testcase classname="tests.backend_test.TestClientsAndDossiers" name="test_patch_dossier_general" time="0.249" /><testcase classname="tests.backend_test.TestAuth" name="test_register_short_password" time="0.166" /><testcase classname="tests.backend_test.TestAuth" name="test_bcrypt_hash_format" time="0.080" /><testcase classname="tests.backend_test.TestModulesPipelineAuditExport" name="test_module1_save_and_persist" time="0.228" /><testcase classname="tests.backend_test.TestAuth" name="test_brute_force_lockout" time="0.521"><failure message="AssertionError: no lockout/429 after 6 failures: [401, 401, 401, 401, 401, 401]&#10;assert False&#10; +  where False = any(&lt;generator object TestAuth.test_brute_force_lockout.&lt;locals&gt;.&lt;genexpr&gt; at 0xf82d03571e50&gt;)">tests/backend_test.py:152: in test_brute_force_lockout
    assert any(c == 429 for c in codes), f"no lockout/429 after 6 failures: {codes}"
E   AssertionError: no lockout/429 after 6 failures: [401, 401, 401, 401, 401, 401]
E   assert False
E    +  where False = any(&lt;generator object TestAuth.test_brute_force_lockout.&lt;locals&gt;.&lt;genexpr&gt; at 0xf82d03571e50&gt;)</failure></testcase><testcase classname="tests.backend_test.TestModulesPipelineAuditExport" name="test_module2_save_and_persist" time="0.301" /><testcase classname="tests.backend_test.TestModulesPipelineAuditExport" name="test_stage_update_and_exchange" time="0.538" /><testcase classname="tests.backend_test.TestAuth" name="test_logout" time="0.463" /><testcase classname="tests.backend_test.TestModulesPipelineAuditExport" name="test_stage_unknown_key" time="0.078" /><testcase classname="tests.backend_test.TestCatalogue" name="test_themes" time="0.080" /><testcase classname="tests.backend_test.TestModulesPipelineAuditExport" name="test_export_module1_pdf" time="0.095" /><testcase classname="tests.backend_test.TestCatalogue" name="test_stages" time="0.080" /><testcase classname="tests.backend_test.TestModulesPipelineAuditExport" name="test_export_module2_pdf" time="0.153" /><testcase classname="tests.backend_test.TestCatalogue" name="test_catalogue_requires_auth" time="0.245" /><testcase classname="tests.backend_test.TestModulesPipelineAuditExport" name="test_audit_trail" time="0.085" /></testsuite></testsuites>